TEST = 1

WIDTH : 3840
HEIGHT: 2160
LENGHT: 8294400

STEP 1: K = 16
STEP 2: Init centroids
STEP 3: Updating centroids

Number of K-Means iterations: 47

Centroide 0 : R[34]	G[28]	B[23]
Centroide 1 : R[82]	G[47]	B[29]
Centroide 2 : R[171]	G[171]	B[165]
Centroide 3 : R[13]	G[77]	B[99]
Centroide 4 : R[116]	G[77]	B[48]
Centroide 5 : R[20]	G[13]	B[10]
Centroide 6 : R[208]	G[207]	B[198]
Centroide 7 : R[140]	G[135]	B[125]
Centroide 8 : R[147]	G[111]	B[74]
Centroide 9 : R[193]	G[107]	B[41]
Centroide 10 : R[225]	G[194]	B[151]
Centroide 11 : R[104]	G[102]	B[92]
Centroide 12 : R[50]	G[46]	B[39]
Centroide 13 : R[240]	G[237]	B[228]
Centroide 14 : R[73]	G[71]	B[63]
Centroide 15 : R[193]	G[151]	B[109]

Time to Kmeans is 34 seconds and 608284 microseconds
Checksum value = 42559141

 Performance counter stats for './kmeans_OpenMP.exe test 16 imagen.bmp':

         34.748,47 msec task-clock:u                     #    1,000 CPUs utilized             
                 0      context-switches:u               #    0,000 /sec                      
                 0      cpu-migrations:u                 #    0,000 /sec                      
             1.065      page-faults:u                    #   30,649 /sec                      
    89.695.425.611      cycles:u                         #    2,581 GHz                         (66,67%)
     4.790.454.973      stalled-cycles-frontend:u        #    5,34% frontend cycles idle        (66,66%)
    18.922.815.406      stalled-cycles-backend:u         #   21,10% backend cycles idle         (66,67%)
   144.688.502.330      instructions:u                   #    1,61  insn per cycle            
                                                  #    0,13  stalled cycles per insn     (66,67%)
    13.412.749.796      branches:u                       #  385,995 M/sec                       (66,67%)
       645.517.497      branch-misses:u                  #    4,81% of all branches             (66,67%)

      34,752792824 seconds time elapsed

      34,500207000 seconds user
       0,023749000 seconds sys


