TEST = 1

WIDTH : 3840
HEIGHT: 2160
LENGHT: 8294400

STEP 1: K = 4
STEP 2: Init centroids
STEP 3: Updating centroids

Number of K-Means iterations: 5

Centroide 0 : R[37]	G[30]	B[25]
Centroide 1 : R[160]	G[144]	B[123]
Centroide 2 : R[218]	G[213]	B[201]
Centroide 3 : R[97]	G[81]	B[63]

Time to Kmeans is 1 seconds and 166953 microseconds
Checksum value = 12689895

 Performance counter stats for './kmeans_OpenMP.exe test 4 imagen.bmp':

          4.752,21 msec task-clock:u                     #    3,622 CPUs utilized             
                 0      context-switches:u               #    0,000 /sec                      
                 0      cpu-migrations:u                 #    0,000 /sec                      
             2.033      page-faults:u                    #  427,801 /sec                      
    12.151.900.237      cycles:u                         #    2,557 GHz                         (66,68%)
       180.602.486      stalled-cycles-frontend:u        #    1,49% frontend cycles idle        (66,67%)
     2.799.692.792      stalled-cycles-backend:u         #   23,04% backend cycles idle         (66,65%)
    22.795.809.591      instructions:u                   #    1,88  insn per cycle            
                                                  #    0,12  stalled cycles per insn     (66,68%)
     2.020.594.695      branches:u                       #  425,190 M/sec                       (66,67%)
        22.957.416      branch-misses:u                  #    1,14% of all branches             (66,66%)

       1,312134411 seconds time elapsed

       4,676006000 seconds user
       0,034576000 seconds sys


