TEST = 1

WIDTH : 3840
HEIGHT: 2160
LENGHT: 8294400

STEP 1: K = 16
STEP 2: Init centroids
STEP 3: Updating centroids

Number of K-Means iterations: 17

Centroide 0 : R[34]	G[28]	B[23]
Centroide 1 : R[82]	G[47]	B[29]
Centroide 2 : R[171]	G[171]	B[165]
Centroide 3 : R[13]	G[77]	B[99]
Centroide 4 : R[116]	G[77]	B[48]
Centroide 5 : R[20]	G[13]	B[10]
Centroide 6 : R[208]	G[207]	B[198]
Centroide 7 : R[140]	G[135]	B[125]
Centroide 8 : R[147]	G[111]	B[74]
Centroide 9 : R[193]	G[107]	B[41]
Centroide 10 : R[225]	G[194]	B[151]
Centroide 11 : R[104]	G[102]	B[92]
Centroide 12 : R[50]	G[46]	B[39]
Centroide 13 : R[240]	G[237]	B[228]
Centroide 14 : R[73]	G[71]	B[63]
Centroide 15 : R[193]	G[151]	B[109]

Time to Kmeans is 8 seconds and 286525 microseconds
Checksum value = 42559141

 Performance counter stats for './kmeans_OpenMP.exe test 16 imagen.bmp':

         32.210,37 msec task-clock:u                     #    3,820 CPUs utilized             
                 0      context-switches:u               #    0,000 /sec                      
                 0      cpu-migrations:u                 #    0,000 /sec                      
             1.967      page-faults:u                    #   61,067 /sec                      
    82.908.739.900      cycles:u                         #    2,574 GHz                         (66,67%)
     4.391.000.336      stalled-cycles-frontend:u        #    5,30% frontend cycles idle        (66,66%)
    11.307.391.475      stalled-cycles-backend:u         #   13,64% backend cycles idle         (66,67%)
   147.335.991.572      instructions:u                   #    1,78  insn per cycle            
                                                  #    0,08  stalled cycles per insn     (66,68%)
    13.505.901.829      branches:u                       #  419,303 M/sec                       (66,67%)
       617.824.843      branch-misses:u                  #    4,57% of all branches             (66,66%)

       8,431017728 seconds time elapsed

      31,903370000 seconds user
       0,034618000 seconds sys


