TEST = 1

WIDTH : 3840
HEIGHT: 2160
LENGHT: 8294400

STEP 1: K = 8
STEP 2: Init centroids
STEP 3: Updating centroids

Number of K-Means iterations: 9

Centroide 0 : R[49]	G[46]	B[41]
Centroide 1 : R[90]	G[66]	B[48]
Centroide 2 : R[194]	G[186]	B[169]
Centroide 3 : R[98]	G[102]	B[92]
Centroide 4 : R[155]	G[105]	B[61]
Centroide 5 : R[26]	G[19]	B[15]
Centroide 6 : R[229]	G[226]	B[216]
Centroide 7 : R[154]	G[142]	B[126]

Time to Kmeans is 2 seconds and 429919 microseconds
Checksum value = 22329779

 Performance counter stats for './kmeans_OpenMP.exe test 8 imagen.bmp':

         18.913,49 msec task-clock:u                     #    7,345 CPUs utilized             
                 0      context-switches:u               #    0,000 /sec                      
                 0      cpu-migrations:u                 #    0,000 /sec                      
             1.037      page-faults:u                    #   54,829 /sec                      
    48.631.968.533      cycles:u                         #    2,571 GHz                         (66,65%)
     1.570.471.281      stalled-cycles-frontend:u        #    3,23% frontend cycles idle        (66,64%)
     8.982.343.624      stalled-cycles-backend:u         #   18,47% backend cycles idle         (66,67%)
    88.677.623.094      instructions:u                   #    1,82  insn per cycle            
                                                  #    0,10  stalled cycles per insn     (66,70%)
     7.980.770.890      branches:u                       #  421,962 M/sec                       (66,70%)
       207.030.881      branch-misses:u                  #    2,59% of all branches             (66,66%)

       2,575189382 seconds time elapsed

      18,713754000 seconds user
       0,033580000 seconds sys


