TEST = 1

WIDTH : 3840
HEIGHT: 2160
LENGHT: 8294400

STEP 1: K = 4
STEP 2: Init centroids
STEP 3: Updating centroids

Number of K-Means iterations: 5

Centroide 0 : R[37]	G[30]	B[25]
Centroide 1 : R[160]	G[144]	B[123]
Centroide 2 : R[218]	G[213]	B[201]
Centroide 3 : R[97]	G[81]	B[63]

Time to Kmeans is 0 seconds and 589037 microseconds
Checksum value = 12689895

 Performance counter stats for './kmeans_OpenMP.exe test 4 imagen.bmp':

          4.804,79 msec task-clock:u                     #    6,546 CPUs utilized             
                 0      context-switches:u               #    0,000 /sec                      
                 0      cpu-migrations:u                 #    0,000 /sec                      
               538      page-faults:u                    #  111,972 /sec                      
    12.313.961.060      cycles:u                         #    2,563 GHz                         (66,70%)
       205.177.403      stalled-cycles-frontend:u        #    1,67% frontend cycles idle        (66,69%)
     2.798.838.017      stalled-cycles-backend:u         #   22,73% backend cycles idle         (66,71%)
    22.960.856.116      instructions:u                   #    1,86  insn per cycle            
                                                  #    0,12  stalled cycles per insn     (66,68%)
     2.068.745.428      branches:u                       #  430,559 M/sec                       (66,67%)
        23.044.200      branch-misses:u                  #    1,11% of all branches             (66,71%)

       0,733950495 seconds time elapsed

       4,734743000 seconds user
       0,028478000 seconds sys


